#
# There is insufficient memory for the Java Runtime Environment to continue.
# Native memory allocation (mmap) failed to map 67108864 bytes for G1 virtual space
# Possible reasons:
#   The system is out of physical RAM or swap space
#   The process is running with CompressedOops enabled, and the Java Heap may be blocking the growth of the native heap
# Possible solutions:
#   Reduce memory load on the system
#   Increase physical memory or swap space
#   Check if swap backing store is full
#   Decrease Java heap size (-Xmx/-Xms)
#   Decrease number of Java threads
#   Decrease Java thread stack sizes (-Xss)
#   Set larger code cache with -XX:ReservedCodeCacheSize=
#   JVM is running with Unscaled Compressed Oops mode in which the Java heap is
#     placed in the first 4GB address space. The Java Heap base address is the
#     maximum limit for the native heap growth. Please use -XX:HeapBaseMinAddress
#     to set the Java Heap base and to place the Java Heap above 4GB virtual address.
# This output file may be truncated or incomplete.
#
#  Out of Memory Error (os_windows.cpp:3552), pid=23168, tid=23228
#
# JRE version:  (17.0.9+11) (build )
# Java VM: Java HotSpot(TM) 64-Bit Server VM (17.0.9+11-LTS-201, mixed mode, sharing, tiered, compressed oops, compressed class ptrs, g1 gc, windows-amd64)
# No core dump will be written. Minidumps are not enabled by default on client versions of Windows
#

---------------  S U M M A R Y ------------

Command Line: -Xmx64m -Xms64m -Dorg.gradle.appname=gradlew org.gradle.wrapper.GradleWrapperMain app:installDebug -PreactNativeDevServerPort=8081

Host: Intel(R) Core(TM) i7-8700 CPU @ 3.20GHz, 12 cores, 15G,  Windows 10 , 64 bit Build 19041 (10.0.19041.3636)
Time: Sat Dec  9 12:22:01 2023 FLE Standard Time elapsed time: 0.014170 seconds (0d 0h 0m 0s)

---------------  T H R E A D  ---------------

Current thread (0x0000023a3b2ce3d0):  JavaThread "Unknown thread" [_thread_in_vm, id=23228, stack(0x000000f005000000,0x000000f005100000)]

Stack: [0x000000f005000000,0x000000f005100000]
Native frames: (J=compiled Java code, j=interpreted, Vv=VM code, C=native code)
V  [jvm.dll+0x678a4a]
V  [jvm.dll+0x7d9cfd]
V  [jvm.dll+0x7db60e]
V  [jvm.dll+0x7dbc73]
V  [jvm.dll+0x245e1f]
V  [jvm.dll+0x6758f9]
V  [jvm.dll+0x66a2a2]
V  [jvm.dll+0x303686]
V  [jvm.dll+0x30ac06]
V  [jvm.dll+0x35a48e]
V  [jvm.dll+0x35a6bf]
V  [jvm.dll+0x2da678]
V  [jvm.dll+0x2db5e4]
V  [jvm.dll+0x7ab6b1]
V  [jvm.dll+0x368041]
V  [jvm.dll+0x78a749]
V  [jvm.dll+0x3ebd4f]
V  [jvm.dll+0x3ed7d1]
C  [jli.dll+0x5297]
C  [ucrtbase.dll+0x21bb2]
C  [KERNEL32.DLL+0x17344]
C  [ntdll.dll+0x526b1]


---------------  P R O C E S S  ---------------

Threads class SMR info:
_java_thread_list=0x00007ffd8b7489d8, length=0, elements={
}

Java Threads: ( => current thread )

Other Threads:
  0x0000023a3b3b42e0 GCTaskThread "GC Thread#0" [stack: 0x0000000000000000,0x0000000000000000] [id=23236]
  0x0000023a3b3b5a40 ConcurrentGCThread "G1 Main Marker" [stack: 0x000000f005200000,0x000000f005300000] [id=23240]
  0x0000023a3b3b6450 ConcurrentGCThread "G1 Conc#0" [stack: 0x000000f005300000,0x000000f005400000] [id=23244]

[error occurred during error reporting (printing all threads), id 0xc0000005, EXCEPTION_ACCESS_VIOLATION (0xc0000005) at pc=0x00007ffd8af7b2d7]

VM state: not at safepoint (not fully initialized)

VM Mutex/Monitor currently owned by a thread:  ([mutex/lock_event])
[0x0000023a3b2ca860] Heap_lock - owner thread: 0x0000023a3b2ce3d0

Heap address: 0x00000000fc000000, size: 64 MB, Compressed Oops mode: 32-bit

CDS archive(s) mapped at: [0x0000000000000000-0x0000000000000000-0x0000000000000000), size 0, SharedBaseAddress: 0x0000000800000000, ArchiveRelocationMode: 1.
Narrow klass base: 0x0000000000000000, Narrow klass shift: 0, Narrow klass range: 0x0

GC Precious Log:
<Empty>

Heap:
 garbage-first heap   total 0K, used 0K [0x00000000fc000000, 0x0000000100000000)
  region size 1024K, 0 young (0K), 0 survivors (0K)

[error occurred during error reporting (printing heap information), id 0xc0000005, EXCEPTION_ACCESS_VIOLATION (0xc0000005) at pc=0x00007ffd8b362229]

GC Heap History (0 events):
No events

Deoptimization events (0 events):
No events

Classes unloaded (0 events):
No events

Classes redefined (0 events):
No events

Internal exceptions (0 events):
No events

VM Operations (0 events):
No events

Events (1 events):
Event: 0.010 Loaded shared library E:\soft\jdk\bin\java.dll


Dynamic libraries:
0x00007ff6ef860000 - 0x00007ff6ef870000 	E:\soft\jdk\bin\java.exe
0x00007ffe12cf0000 - 0x00007ffe12ee8000 	C:\Windows\SYSTEM32\ntdll.dll
0x00007ffe12bf0000 - 0x00007ffe12cad000 	C:\Windows\System32\KERNEL32.DLL
0x00007ffe10470000 - 0x00007ffe10766000 	C:\Windows\System32\KERNELBASE.dll
0x00007ffe10b20000 - 0x00007ffe10c20000 	C:\Windows\System32\ucrtbase.dll
0x00007ffde8dc0000 - 0x00007ffde8ddb000 	E:\soft\jdk\bin\VCRUNTIME140.dll
0x00007ffde8de0000 - 0x00007ffde8df9000 	E:\soft\jdk\bin\jli.dll
0x00007ffe12220000 - 0x00007ffe122cf000 	C:\Windows\System32\ADVAPI32.dll
0x00007ffe11d00000 - 0x00007ffe11d9e000 	C:\Windows\System32\msvcrt.dll
0x00007ffe114a0000 - 0x00007ffe1153c000 	C:\Windows\System32\sechost.dll
0x00007ffe12460000 - 0x00007ffe12586000 	C:\Windows\System32\RPCRT4.dll
0x00007ffe02250000 - 0x00007ffe024ea000 	C:\Windows\WinSxS\amd64_microsoft.windows.common-controls_6595b64144ccf1df_6.0.19041.3636_none_60b6a03d71f818d5\COMCTL32.dll
0x00007ffe12a20000 - 0x00007ffe12a4c000 	C:\Windows\System32\GDI32.dll
0x00007ffe10c20000 - 0x00007ffe10c42000 	C:\Windows\System32\win32u.dll
0x00007ffe10a00000 - 0x00007ffe10b1a000 	C:\Windows\System32\gdi32full.dll
0x00007ffe116f0000 - 0x00007ffe1188e000 	C:\Windows\System32\USER32.dll
0x00007ffe103d0000 - 0x00007ffe1046d000 	C:\Windows\System32\msvcp_win.dll
0x00007ffe09ca0000 - 0x00007ffe09caa000 	C:\Windows\SYSTEM32\VERSION.dll
0x00007ffe120e0000 - 0x00007ffe12110000 	C:\Windows\System32\IMM32.DLL
0x00007ffe0db50000 - 0x00007ffe0db5c000 	E:\soft\jdk\bin\vcruntime140_1.dll
0x00007ffde5e90000 - 0x00007ffde5f1e000 	E:\soft\jdk\bin\msvcp140.dll
0x00007ffd8ac90000 - 0x00007ffd8b871000 	E:\soft\jdk\bin\server\jvm.dll
0x00007ffe11e70000 - 0x00007ffe11e78000 	C:\Windows\System32\PSAPI.DLL
0x00007ffe0beb0000 - 0x00007ffe0beb9000 	C:\Windows\SYSTEM32\WSOCK32.dll
0x00007ffe11da0000 - 0x00007ffe11e0b000 	C:\Windows\System32\WS2_32.dll
0x00007ffdff9a0000 - 0x00007ffdff9c7000 	C:\Windows\SYSTEM32\WINMM.dll
0x00007ffe0e2b0000 - 0x00007ffe0e2c2000 	C:\Windows\SYSTEM32\kernel.appcore.dll
0x00007ffe0a020000 - 0x00007ffe0a02a000 	E:\soft\jdk\bin\jimage.dll
0x00007ffdfe4a0000 - 0x00007ffdfe684000 	C:\Windows\SYSTEM32\DBGHELP.DLL
0x00007ffdf3280000 - 0x00007ffdf32b4000 	C:\Windows\SYSTEM32\dbgcore.DLL
0x00007ffe10cc0000 - 0x00007ffe10d42000 	C:\Windows\System32\bcryptPrimitives.dll
0x00007ffde8d60000 - 0x00007ffde8d85000 	E:\soft\jdk\bin\java.dll

dbghelp: loaded successfully - version: 4.0.5 - missing functions: none
symbol engine: initialized successfully - sym options: 0x614 - pdb path: .;E:\soft\jdk\bin;C:\Windows\SYSTEM32;C:\Windows\WinSxS\amd64_microsoft.windows.common-controls_6595b64144ccf1df_6.0.19041.3636_none_60b6a03d71f818d5;E:\soft\jdk\bin\server

VM Arguments:
jvm_args: -Xmx64m -Xms64m -Dorg.gradle.appname=gradlew 
java_command: org.gradle.wrapper.GradleWrapperMain app:installDebug -PreactNativeDevServerPort=8081
java_class_path (initial): E:\mytask\preparing\android\\gradle\wrapper\gradle-wrapper.jar
Launcher Type: SUN_STANDARD

[Global flags]
     intx CICompilerCount                          = 4                                         {product} {ergonomic}
     uint ConcGCThreads                            = 3                                         {product} {ergonomic}
     uint G1ConcRefinementThreads                  = 10                                        {product} {ergonomic}
   size_t G1HeapRegionSize                         = 1048576                                   {product} {ergonomic}
    uintx GCDrainStackTargetSize                   = 64                                        {product} {ergonomic}
   size_t InitialHeapSize                          = 67108864                                  {product} {command line}
   size_t MarkStackSize                            = 4194304                                   {product} {ergonomic}
   size_t MaxHeapSize                              = 67108864                                  {product} {command line}
   size_t MinHeapDeltaBytes                        = 1048576                                   {product} {ergonomic}
   size_t MinHeapSize                              = 67108864                                  {product} {command line}
    uintx NonNMethodCodeHeapSize                   = 5839372                                {pd product} {ergonomic}
    uintx NonProfiledCodeHeapSize                  = 122909434                              {pd product} {ergonomic}
    uintx ProfiledCodeHeapSize                     = 122909434                              {pd product} {ergonomic}
    uintx ReservedCodeCacheSize                    = 251658240                              {pd product} {ergonomic}
     bool SegmentedCodeCache                       = true                                      {product} {ergonomic}
   size_t SoftMaxHeapSize                          = 67108864                               {manageable} {ergonomic}
     bool UseCompressedClassPointers               = true                           {product lp64_product} {ergonomic}
     bool UseCompressedOops                        = true                           {product lp64_product} {ergonomic}
     bool UseG1GC                                  = true                                      {product} {ergonomic}
     bool UseLargePagesIndividualAllocation        = false                                  {pd product} {ergonomic}

Logging:
Log output configuration:
 #0: stdout all=warning uptime,level,tags
 #1: stderr all=off uptime,level,tags

Environment Variables:
JAVA_HOME=E:\soft\jdk
CLASSPATH=E:\mytask\preparing\android\\gradle\wrapper\gradle-wrapper.jar
PATH=E:\mytask\preparing\node_modules\.bin;E:\mytask\preparing\node_modules\.bin;E:\mytask\node_modules\.bin;E:\node_modules\.bin;E:\soft\node\node_modules\npm\node_modules\@npmcli\run-script\lib\node-gyp-bin;E:\mytask\preparing\node_modules\.bin;E:\mytask\node_modules\.bin;E:\node_modules\.bin;E:\soft\node\node_modules\npm\node_modules\@npmcli\run-script\lib\node-gyp-bin;C:\Program Files\Common Files\Oracle\Java\javapath;C:\Windows\system32;C:\Windows;C:\Windows\System32\Wbem;C:\Windows\System32\WindowsPowerShell\v1.0\;C:\Windows\System32\OpenSSH\;C:\Program Files\NVIDIA Corporation\NVIDIA NvDLISR;C:\Program Files (x86)\NVIDIA Corporation\PhysX\Common;E:\soft\Git\cmd;E:\soft\node\;E:\soft\android-sdk\platform-tools;C:\Users\mrdov\AppData\Local\Android\Sdk\tools;E:\soft\jdk\bin;C:\Users\mrdov\AppData\Local\Microsoft\WindowsApps;C:\Users\mrdov\AppData\Local\GitHubDesktop\bin;E:\soft\Microsoft VS Code\bin;C:\Users\mrdov\AppData\Roaming\npm;
USERNAME=mrdov
LANG=en_US.UTF-8
OS=Windows_NT
PROCESSOR_IDENTIFIER=Intel64 Family 6 Model 158 Stepping 10, GenuineIntel



---------------  S Y S T E M  ---------------

OS:
 Windows 10 , 64 bit Build 19041 (10.0.19041.3636)
OS uptime: 0 days 3:41 hours

CPU: total 12 (initial active 12) (6 cores per cpu, 2 threads per core) family 6 model 158 stepping 10 microcode 0xb4, cx8, cmov, fxsr, ht, mmx, 3dnowpref, sse, sse2, sse3, ssse3, sse4.1, sse4.2, popcnt, lzcnt, tsc, tscinvbit, avx, avx2, aes, erms, clmul, bmi1, bmi2, rtm, adx, fma, vzeroupper, clflush, clflushopt

Memory: 4k page, system-wide physical 16307M (155M free)
TotalPageFile size 29422M (AvailPageFile size 42M)
current process WorkingSet (physical memory assigned to process): 10M, peak: 10M
current process commit charge ("private bytes"): 63M, peak: 127M

vm_info: Java HotSpot(TM) 64-Bit Server VM (17.0.9+11-LTS-201) for windows-amd64 JRE (17.0.9+11-LTS-201), built on Oct 10 2023 23:16:06 by "mach5one" with MS VC++ 17.1 (VS2022)

END.
